[08/Feb/2018 02:44:40] "GET / HTTP/1.1" 200 8125
[08/Feb/2018 02:44:40] "GET /statics/css/bootstrap.min.css HTTP/1.1" 304 0
[08/Feb/2018 02:44:40] "GET /statics/css/flexslider.css HTTP/1.1" 304 0
[08/Feb/2018 02:44:40] "GET /statics/css/jquery.fancybox.css HTTP/1.1" 304 0
[08/Feb/2018 02:44:40] "GET /statics/css/main.css HTTP/1.1" 304 0
[08/Feb/2018 02:44:40] "GET /statics/css/responsive.css HTTP/1.1" 304 0
[08/Feb/2018 02:44:40] "GET /statics/css/animate.min.css HTTP/1.1" 304 0
[08/Feb/2018 02:44:40] "GET /statics/css/font-icon.css HTTP/1.1" 304 0
[08/Feb/2018 02:44:40] "GET /statics/images/work-3.jpg HTTP/1.1" 304 0
[08/Feb/2018 02:44:40] "GET /statics/images/work-1.jpg HTTP/1.1" 304 0
[08/Feb/2018 02:44:40] "GET /statics/images/work-6.jpg HTTP/1.1" 304 0
[08/Feb/2018 02:44:40] "GET /statics/images/work-4.jpg HTTP/1.1" 304 0
[08/Feb/2018 02:44:40] "GET /statics/images/work-8.jpg HTTP/1.1" 304 0
[08/Feb/2018 02:44:40] "GET /statics/js/jquery.min.js HTTP/1.1" 304 0
[08/Feb/2018 02:44:40] "GET /statics/js/bootstrap.min.js HTTP/1.1" 304 0
[08/Feb/2018 02:44:40] "GET /statics/js/jquery.flexslider-min.js HTTP/1.1" 304 0
[08/Feb/2018 02:44:40] "GET /statics/js/jquery.fancybox.pack.js HTTP/1.1" 304 0
[08/Feb/2018 02:44:40] "GET /statics/js/jquery.waypoints.min.js HTTP/1.1" 304 0
[08/Feb/2018 02:44:40] "GET /statics/js/retina.min.js HTTP/1.1" 304 0
[08/Feb/2018 02:44:40] "GET /statics/js/modernizr.js HTTP/1.1" 304 0
[08/Feb/2018 02:44:40] "GET /statics/js/main.js HTTP/1.1" 304 0
[08/Feb/2018 02:47:08] "GET / HTTP/1.1" 200 8624
[08/Feb/2018 02:47:08] "GET /statics/css/bootstrap.min.css HTTP/1.1" 304 0
[08/Feb/2018 02:47:08] "GET /statics/css/flexslider.css HTTP/1.1" 304 0
[08/Feb/2018 02:47:08] "GET /statics/css/jquery.fancybox.css HTTP/1.1" 304 0
[08/Feb/2018 02:47:08] "GET /statics/css/main.css HTTP/1.1" 304 0
[08/Feb/2018 02:47:08] "GET /statics/css/responsive.css HTTP/1.1" 304 0
[08/Feb/2018 02:47:09] "GET /statics/css/animate.min.css HTTP/1.1" 304 0
[08/Feb/2018 02:47:09] "GET /statics/css/font-icon.css HTTP/1.1" 304 0
[08/Feb/2018 02:47:09] "GET /statics/images/work-3.jpg HTTP/1.1" 304 0
[08/Feb/2018 02:47:09] "GET /statics/images/work-1.jpg HTTP/1.1" 304 0
[08/Feb/2018 02:47:09] "GET /statics/images/work-4.jpg HTTP/1.1" 304 0
[08/Feb/2018 02:47:09] "GET /statics/images/work-6.jpg HTTP/1.1" 304 0
[08/Feb/2018 02:47:09] "GET /statics/images/work-8.jpg HTTP/1.1" 304 0
[08/Feb/2018 02:47:09] "GET /statics/js/jquery.min.js HTTP/1.1" 304 0
[08/Feb/2018 02:47:09] "GET /statics/js/bootstrap.min.js HTTP/1.1" 304 0
[08/Feb/2018 02:47:09] "GET /statics/js/jquery.flexslider-min.js HTTP/1.1" 304 0
[08/Feb/2018 02:47:09] "GET /statics/js/jquery.fancybox.pack.js HTTP/1.1" 304 0
[08/Feb/2018 02:47:09] "GET /statics/js/jquery.waypoints.min.js HTTP/1.1" 304 0
[08/Feb/2018 02:47:09] "GET /statics/js/retina.min.js HTTP/1.1" 304 0
[08/Feb/2018 02:47:09] "GET /statics/js/modernizr.js HTTP/1.1" 304 0
[08/Feb/2018 02:47:09] "GET /statics/js/main.js HTTP/1.1" 304 0
[08/Feb/2018 02:47:09] "GET / HTTP/1.1" 200 8624
[08/Feb/2018 02:47:09] "GET /statics/css/bootstrap.min.css HTTP/1.1" 304 0
[08/Feb/2018 02:47:09] "GET /statics/css/flexslider.css HTTP/1.1" 304 0
[08/Feb/2018 02:47:09] "GET /statics/css/jquery.fancybox.css HTTP/1.1" 304 0
[08/Feb/2018 02:47:09] "GET /statics/css/main.css HTTP/1.1" 304 0
[08/Feb/2018 02:47:09] "GET /statics/css/responsive.css HTTP/1.1" 304 0
[08/Feb/2018 02:47:09] "GET /statics/css/animate.min.css HTTP/1.1" 304 0
[08/Feb/2018 02:47:09] "GET /statics/css/font-icon.css HTTP/1.1" 304 0
[08/Feb/2018 02:47:09] "GET /statics/images/work-3.jpg HTTP/1.1" 304 0
[08/Feb/2018 02:47:09] "GET /statics/images/work-1.jpg HTTP/1.1" 304 0
[08/Feb/2018 02:47:09] "GET /statics/images/work-6.jpg HTTP/1.1" 304 0
[08/Feb/2018 02:47:10] "GET /statics/images/work-4.jpg HTTP/1.1" 304 0
[08/Feb/2018 02:47:10] "GET /statics/images/work-8.jpg HTTP/1.1" 304 0
[08/Feb/2018 02:47:10] "GET /statics/js/jquery.min.js HTTP/1.1" 304 0
[08/Feb/2018 02:47:10] "GET /statics/js/bootstrap.min.js HTTP/1.1" 304 0
[08/Feb/2018 02:47:10] "GET /statics/js/jquery.flexslider-min.js HTTP/1.1" 304 0
[08/Feb/2018 02:47:10] "GET /statics/js/jquery.fancybox.pack.js HTTP/1.1" 304 0
[08/Feb/2018 02:47:10] "GET /statics/js/jquery.waypoints.min.js HTTP/1.1" 304 0
[08/Feb/2018 02:47:10] "GET /statics/js/retina.min.js HTTP/1.1" 304 0
[08/Feb/2018 02:47:10] "GET /statics/js/modernizr.js HTTP/1.1" 304 0
[08/Feb/2018 02:47:10] "GET /statics/js/main.js HTTP/1.1" 304 0
